2024-05-21 10:53:25 info: ==============================================
2024-05-21 10:53:26 info: ===============env:development================
2024-05-21 10:53:26 info: =======App listinig on port 5000=============
2024-05-21 10:53:26 info: ==============================================
2024-05-21 10:55:00 info: ==============================================
2024-05-21 10:55:00 info: ===============env:development================
2024-05-21 10:55:00 info: =======App listinig on port 5000=============
2024-05-21 10:55:00 info: ==============================================
2024-05-21 10:56:31 info: ==============================================
2024-05-21 10:56:31 info: ===============env:development================
2024-05-21 10:56:31 info: =======App listinig on port 5000=============
2024-05-21 10:56:31 info: ==============================================
2024-05-21 11:16:10 info: ==============================================
2024-05-21 11:16:10 info: ===============env:development================
2024-05-21 11:16:10 info: =======App listinig on port 5000=============
2024-05-21 11:16:11 info: ==============================================
2024-05-21 11:16:35 info: [0mPOST /api/v1/user/create [32m200[0m 469.843 ms - 61[0m
2024-05-21 11:27:38 info: ==============================================
2024-05-21 11:27:38 info: ===============env:development================
2024-05-21 11:27:38 info: =======App listinig on port 5000=============
2024-05-21 11:27:38 info: ==============================================
2024-05-21 11:27:52 info: [0mPOST /api/v1/user/update/10 [33m404[0m 172.456 ms - 161[0m
2024-05-21 11:28:04 info: [0mPUT /api/v1/user/update/10 [32m200[0m 43.315 ms - 65[0m
2024-05-21 11:28:20 info: [0mDELETE /api/v1/user/delete/10 [32m200[0m 40.856 ms - 64[0m
2024-05-21 11:28:37 info: [0mDELETE /api/v1/user/delete/10 [32m200[0m 13.979 ms - 64[0m
2024-05-21 11:28:46 info: [0mDELETE /api/v1/user/update/10 [33m404[0m 12.318 ms - 163[0m
2024-05-21 11:28:52 info: [0mPUT /api/v1/user/update/10 [32m200[0m 36.413 ms - 65[0m
2024-05-21 11:29:01 info: [0mPOST /api/v1/user/create [32m200[0m 33.377 ms - 61[0m
2024-05-21 13:19:11 info: ==============================================
2024-05-21 13:19:11 info: ===============env:development================
2024-05-21 13:19:11 info: =======App listinig on port 5000=============
2024-05-21 13:19:11 info: ==============================================
